<?xml version="1.0" encoding="UTF-8" ?>
<testsuite tests="27" failures="5" name="TestSuite" time="18.981" errors="0" skipped="22">
  <properties>
[...]
</properties>
  <testcase classname="com.excellence.qa.testcases.DashboardPageTest" name="setup" time="8.846">
    <failure message="session not created: This version of ChromeDriver only supports Chrome version 93
Current browser version is 95.0.4638.69 with binary path C:\Program Files (x86)\Google\Chrome\Application\chrome.exe
Build info: version: &apos;3.5.3&apos;, revision: &apos;a88d25fe6b&apos;, time: &apos;2017-08-29T12:42:44.417Z&apos;
System info: host: &apos;ISHLTP116&apos;, ip: &apos;192.168.29.131&apos;, os.name: &apos;Windows 10&apos;, os.arch: &apos;amd64&apos;, os.version: &apos;10.0&apos;, java.version: &apos;11.0.10&apos;
Driver info: driver.version: ChromeDriver
remote stacktrace: Backtrace:
	Ordinal0 [0x005FD403+2479107]
	Ordinal0 [0x00597D51+2063697]
	Ordinal0 [0x004A20C8+1056968]
	Ordinal0 [0x004C043A+1180730]
	Ordinal0 [0x004BC355+1164117]
	Ordinal0 [0x004B9B7F+1153919]
	Ordinal0 [0x004E9CBF+1350847]
	Ordinal0 [0x004E992A+1349930]
	Ordinal0 [0x004E583B+1333307]
	Ordinal0 [0x004C1F94+1187732]
	Ordinal0 [0x004C2DE9+1191401]
	GetHandleVerifier [0x0077F3F6+1531734]
	GetHandleVerifier [0x0082E9AE+2249998]
	GetHandleVerifier [0x006839AB+501003]
	GetHandleVerifier [0x00682A29+497033]
	Ordinal0 [0x0059D11D+2085149]
	Ordinal0 [0x005A11C8+2101704]
	Ordinal0 [0x005A1302+2102018]
	Ordinal0 [0x005AAA71+2140785]
	BaseThreadInitThunk [0x7659FA29+25]
	RtlGetAppContainerNamedObjectPath [0x76F27A9E+286]
	RtlGetAppContainerNamedObjectPath [0x76F27A6E+238]
" type="org.openqa.selenium.SessionNotCreatedException">org.openqa.selenium.SessionNotCreatedException: session not created: This version of ChromeDriver only supports Chrome version 93
Current browser version is 95.0.4638.69 with binary path C:\Program Files (x86)\Google\Chrome\Application\chrome.exe
Build info: version: &apos;3.5.3&apos;, revision: &apos;a88d25fe6b&apos;, time: &apos;2017-08-29T12:42:44.417Z&apos;
System info: host: &apos;ISHLTP116&apos;, ip: &apos;192.168.29.131&apos;, os.name: &apos;Windows 10&apos;, os.arch: &apos;amd64&apos;, os.version: &apos;10.0&apos;, java.version: &apos;11.0.10&apos;
Driver info: driver.version: ChromeDriver
remote stacktrace: Backtrace:
	Ordinal0 [0x005FD403+2479107]
	Ordinal0 [0x00597D51+2063697]
	Ordinal0 [0x004A20C8+1056968]
	Ordinal0 [0x004C043A+1180730]
	Ordinal0 [0x004BC355+1164117]
	Ordinal0 [0x004B9B7F+1153919]
	Ordinal0 [0x004E9CBF+1350847]
	Ordinal0 [0x004E992A+1349930]
	Ordinal0 [0x004E583B+1333307]
	Ordinal0 [0x004C1F94+1187732]
	Ordinal0 [0x004C2DE9+1191401]
	GetHandleVerifier [0x0077F3F6+1531734]
	GetHandleVerifier [0x0082E9AE+2249998]
	GetHandleVerifier [0x006839AB+501003]
	GetHandleVerifier [0x00682A29+497033]
	Ordinal0 [0x0059D11D+2085149]
	Ordinal0 [0x005A11C8+2101704]
	Ordinal0 [0x005A1302+2102018]
	Ordinal0 [0x005AAA71+2140785]
	BaseThreadInitThunk [0x7659FA29+25]
	RtlGetAppContainerNamedObjectPath [0x76F27A9E+286]
	RtlGetAppContainerNamedObjectPath [0x76F27A6E+238]

	at java.base/jdk.internal.reflect.NativeConstructorAccessorImpl.newInstance0(Native Method)
	at java.base/jdk.internal.reflect.NativeConstructorAccessorImpl.newInstance(NativeConstructorAccessorImpl.java:62)
	at java.base/jdk.internal.reflect.DelegatingConstructorAccessorImpl.newInstance(DelegatingConstructorAccessorImpl.java:45)
	at java.base/java.lang.reflect.Constructor.newInstance(Constructor.java:490)
	at org.openqa.selenium.remote.W3CHandshakeResponse.lambda$new$0(W3CHandshakeResponse.java:57)
	at org.openqa.selenium.remote.W3CHandshakeResponse.lambda$getResponseFunction$2(W3CHandshakeResponse.java:104)
	at org.openqa.selenium.remote.ProtocolHandshake.lambda$createSession$24(ProtocolHandshake.java:359)
	at java.base/java.util.stream.ReferencePipeline$3$1.accept(ReferencePipeline.java:195)
	at java.base/java.util.Spliterators$ArraySpliterator.tryAdvance(Spliterators.java:958)
	at java.base/java.util.stream.ReferencePipeline.forEachWithCancel(ReferencePipeline.java:127)
	at java.base/java.util.stream.AbstractPipeline.copyIntoWithCancel(AbstractPipeline.java:502)
	at java.base/java.util.stream.AbstractPipeline.copyInto(AbstractPipeline.java:488)
	at java.base/java.util.stream.AbstractPipeline.wrapAndCopyInto(AbstractPipeline.java:474)
	at java.base/java.util.stream.FindOps$FindOp.evaluateSequential(FindOps.java:150)
	at java.base/java.util.stream.AbstractPipeline.evaluate(AbstractPipeline.java:234)
	at java.base/java.util.stream.ReferencePipeline.findFirst(ReferencePipeline.java:543)
	at org.openqa.selenium.remote.ProtocolHandshake.createSession(ProtocolHandshake.java:362)
	at org.openqa.selenium.remote.ProtocolHandshake.createSession(ProtocolHandshake.java:136)
	at org.openqa.selenium.remote.HttpCommandExecutor.execute(HttpCommandExecutor.java:142)
	at org.openqa.selenium.remote.service.DriverCommandExecutor.execute(DriverCommandExecutor.java:82)
	at org.openqa.selenium.remote.RemoteWebDriver.execute(RemoteWebDriver.java:646)
	at org.openqa.selenium.remote.RemoteWebDriver.startSession(RemoteWebDriver.java:255)
	at org.openqa.selenium.remote.RemoteWebDriver.startSession(RemoteWebDriver.java:237)
	at org.openqa.selenium.remote.RemoteWebDriver.&lt;init&gt;(RemoteWebDriver.java:138)
	at org.openqa.selenium.chrome.ChromeDriver.&lt;init&gt;(ChromeDriver.java:178)
	at org.openqa.selenium.chrome.ChromeDriver.&lt;init&gt;(ChromeDriver.java:167)
	at org.openqa.selenium.chrome.ChromeDriver.&lt;init&gt;(ChromeDriver.java:124)
	at com.excellence.qa.base.BaseClass.initialization(BaseClass.java:73)
	at com.excellence.qa.testcases.DashboardPageTest.setup(DashboardPageTest.java:33)
</failure>
    <system-out>Configuring TestNG with: org.apache.maven.surefire.testng.conf.TestNG652Configurator@37d31475
</system-out>
    <system-err>Starting ChromeDriver 93.0.4577.63 (ff5c0da2ec0adeaed5550e6c7e98417dac77d98a-refs/branch-heads/4577@{#1135}) on port 34934
Only local connections are allowed.
Please see https://chromedriver.chromium.org/security-considerations for suggestions on keeping ChromeDriver safe.
ChromeDriver was started successfully.
log4j:WARN No appenders could be found for logger (org.apache.http.client.protocol.RequestAddCookies).
log4j:WARN Please initialize the log4j system properly.
</system-err>
  </testcase>
  <testcase classname="com.excellence.qa.testcases.DashboardPageTest" name="openMaterialRequestForm" time="0.008">
    <skipped/>
  </testcase>
  <testcase classname="com.excellence.qa.testcases.DashboardPageTest" name="closeBrowser" time="0.011">
    <skipped/>
  </testcase>
  <testcase classname="com.excellence.qa.testcases.DashboardPageTest" name="setup" time="0.022">
    <skipped/>
  </testcase>
  <testcase classname="com.excellence.qa.testcases.DashboardPageTest" name="verifyClickingOnHolidayCalenderMenu" time="0">
    <skipped/>
  </testcase>
  <testcase classname="com.excellence.qa.testcases.DashboardPageTest" name="closeBrowser" time="0">
    <skipped/>
  </testcase>
  <testcase classname="com.excellence.qa.testcases.HolidayCalenderPageTest" name="setup" time="1.852">
    <failure message="session not created: This version of ChromeDriver only supports Chrome version 93
Current browser version is 95.0.4638.69 with binary path C:\Program Files (x86)\Google\Chrome\Application\chrome.exe
Build info: version: &apos;3.5.3&apos;, revision: &apos;a88d25fe6b&apos;, time: &apos;2017-08-29T12:42:44.417Z&apos;
System info: host: &apos;ISHLTP116&apos;, ip: &apos;192.168.29.131&apos;, os.name: &apos;Windows 10&apos;, os.arch: &apos;amd64&apos;, os.version: &apos;10.0&apos;, java.version: &apos;11.0.10&apos;
Driver info: driver.version: ChromeDriver
remote stacktrace: Backtrace:
	Ordinal0 [0x005FD403+2479107]
	Ordinal0 [0x00597D51+2063697]
	Ordinal0 [0x004A20C8+1056968]
	Ordinal0 [0x004C043A+1180730]
	Ordinal0 [0x004BC355+1164117]
	Ordinal0 [0x004B9B7F+1153919]
	Ordinal0 [0x004E9CBF+1350847]
	Ordinal0 [0x004E992A+1349930]
	Ordinal0 [0x004E583B+1333307]
	Ordinal0 [0x004C1F94+1187732]
	Ordinal0 [0x004C2DE9+1191401]
	GetHandleVerifier [0x0077F3F6+1531734]
	GetHandleVerifier [0x0082E9AE+2249998]
	GetHandleVerifier [0x006839AB+501003]
	GetHandleVerifier [0x00682A29+497033]
	Ordinal0 [0x0059D11D+2085149]
	Ordinal0 [0x005A11C8+2101704]
	Ordinal0 [0x005A1302+2102018]
	Ordinal0 [0x005AAA71+2140785]
	BaseThreadInitThunk [0x7659FA29+25]
	RtlGetAppContainerNamedObjectPath [0x76F27A9E+286]
	RtlGetAppContainerNamedObjectPath [0x76F27A6E+238]
" type="org.openqa.selenium.SessionNotCreatedException">org.openqa.selenium.SessionNotCreatedException: session not created: This version of ChromeDriver only supports Chrome version 93
Current browser version is 95.0.4638.69 with binary path C:\Program Files (x86)\Google\Chrome\Application\chrome.exe
Build info: version: &apos;3.5.3&apos;, revision: &apos;a88d25fe6b&apos;, time: &apos;2017-08-29T12:42:44.417Z&apos;
System info: host: &apos;ISHLTP116&apos;, ip: &apos;192.168.29.131&apos;, os.name: &apos;Windows 10&apos;, os.arch: &apos;amd64&apos;, os.version: &apos;10.0&apos;, java.version: &apos;11.0.10&apos;
Driver info: driver.version: ChromeDriver
remote stacktrace: Backtrace:
	Ordinal0 [0x005FD403+2479107]
	Ordinal0 [0x00597D51+2063697]
	Ordinal0 [0x004A20C8+1056968]
	Ordinal0 [0x004C043A+1180730]
	Ordinal0 [0x004BC355+1164117]
	Ordinal0 [0x004B9B7F+1153919]
	Ordinal0 [0x004E9CBF+1350847]
	Ordinal0 [0x004E992A+1349930]
	Ordinal0 [0x004E583B+1333307]
	Ordinal0 [0x004C1F94+1187732]
	Ordinal0 [0x004C2DE9+1191401]
	GetHandleVerifier [0x0077F3F6+1531734]
	GetHandleVerifier [0x0082E9AE+2249998]
	GetHandleVerifier [0x006839AB+501003]
	GetHandleVerifier [0x00682A29+497033]
	Ordinal0 [0x0059D11D+2085149]
	Ordinal0 [0x005A11C8+2101704]
	Ordinal0 [0x005A1302+2102018]
	Ordinal0 [0x005AAA71+2140785]
	BaseThreadInitThunk [0x7659FA29+25]
	RtlGetAppContainerNamedObjectPath [0x76F27A9E+286]
	RtlGetAppContainerNamedObjectPath [0x76F27A6E+238]

	at java.base/jdk.internal.reflect.NativeConstructorAccessorImpl.newInstance0(Native Method)
	at java.base/jdk.internal.reflect.NativeConstructorAccessorImpl.newInstance(NativeConstructorAccessorImpl.java:62)
	at java.base/jdk.internal.reflect.DelegatingConstructorAccessorImpl.newInstance(DelegatingConstructorAccessorImpl.java:45)
	at java.base/java.lang.reflect.Constructor.newInstance(Constructor.java:490)
	at org.openqa.selenium.remote.W3CHandshakeResponse.lambda$new$0(W3CHandshakeResponse.java:57)
	at org.openqa.selenium.remote.W3CHandshakeResponse.lambda$getResponseFunction$2(W3CHandshakeResponse.java:104)
	at org.openqa.selenium.remote.ProtocolHandshake.lambda$createSession$24(ProtocolHandshake.java:359)
	at java.base/java.util.stream.ReferencePipeline$3$1.accept(ReferencePipeline.java:195)
	at java.base/java.util.Spliterators$ArraySpliterator.tryAdvance(Spliterators.java:958)
	at java.base/java.util.stream.ReferencePipeline.forEachWithCancel(ReferencePipeline.java:127)
	at java.base/java.util.stream.AbstractPipeline.copyIntoWithCancel(AbstractPipeline.java:502)
	at java.base/java.util.stream.AbstractPipeline.copyInto(AbstractPipeline.java:488)
	at java.base/java.util.stream.AbstractPipeline.wrapAndCopyInto(AbstractPipeline.java:474)
	at java.base/java.util.stream.FindOps$FindOp.evaluateSequential(FindOps.java:150)
	at java.base/java.util.stream.AbstractPipeline.evaluate(AbstractPipeline.java:234)
	at java.base/java.util.stream.ReferencePipeline.findFirst(ReferencePipeline.java:543)
	at org.openqa.selenium.remote.ProtocolHandshake.createSession(ProtocolHandshake.java:362)
	at org.openqa.selenium.remote.ProtocolHandshake.createSession(ProtocolHandshake.java:136)
	at org.openqa.selenium.remote.HttpCommandExecutor.execute(HttpCommandExecutor.java:142)
	at org.openqa.selenium.remote.service.DriverCommandExecutor.execute(DriverCommandExecutor.java:82)
	at org.openqa.selenium.remote.RemoteWebDriver.execute(RemoteWebDriver.java:646)
	at org.openqa.selenium.remote.RemoteWebDriver.startSession(RemoteWebDriver.java:255)
	at org.openqa.selenium.remote.RemoteWebDriver.startSession(RemoteWebDriver.java:237)
	at org.openqa.selenium.remote.RemoteWebDriver.&lt;init&gt;(RemoteWebDriver.java:138)
	at org.openqa.selenium.chrome.ChromeDriver.&lt;init&gt;(ChromeDriver.java:178)
	at org.openqa.selenium.chrome.ChromeDriver.&lt;init&gt;(ChromeDriver.java:167)
	at org.openqa.selenium.chrome.ChromeDriver.&lt;init&gt;(ChromeDriver.java:124)
	at com.excellence.qa.base.BaseClass.initialization(BaseClass.java:73)
	at com.excellence.qa.testcases.HolidayCalenderPageTest.setup(HolidayCalenderPageTest.java:29)
</failure>
    <system-err>Starting ChromeDriver 93.0.4577.63 (ff5c0da2ec0adeaed5550e6c7e98417dac77d98a-refs/branch-heads/4577@{#1135}) on port 13837
Only local connections are allowed.
Please see https://chromedriver.chromium.org/security-considerations for suggestions on keeping ChromeDriver safe.
ChromeDriver was started successfully.
</system-err>
  </testcase>
  <testcase classname="com.excellence.qa.testcases.HolidayCalenderPageTest" name="verifyHoliday" time="0">
    <skipped/>
  </testcase>
  <testcase classname="com.excellence.qa.testcases.HolidayCalenderPageTest" name="closeBrowser" time="0.011">
    <skipped/>
  </testcase>
  <testcase classname="com.excellence.qa.testcases.HolidayCalenderPageTest" name="setup" time="0.011">
    <skipped/>
  </testcase>
  <testcase classname="com.excellence.qa.testcases.HolidayCalenderPageTest" name="verifyRestrictedHoliday" time="0">
    <skipped/>
  </testcase>
  <testcase classname="com.excellence.qa.testcases.HolidayCalenderPageTest" name="closeBrowser" time="0">
    <skipped/>
  </testcase>
  <testcase classname="com.excellence.qa.testcases.LeaveApplicationPageTest" name="setup" time="2.113">
    <failure message="session not created: This version of ChromeDriver only supports Chrome version 93
Current browser version is 95.0.4638.69 with binary path C:\Program Files (x86)\Google\Chrome\Application\chrome.exe
Build info: version: &apos;3.5.3&apos;, revision: &apos;a88d25fe6b&apos;, time: &apos;2017-08-29T12:42:44.417Z&apos;
System info: host: &apos;ISHLTP116&apos;, ip: &apos;192.168.29.131&apos;, os.name: &apos;Windows 10&apos;, os.arch: &apos;amd64&apos;, os.version: &apos;10.0&apos;, java.version: &apos;11.0.10&apos;
Driver info: driver.version: ChromeDriver
remote stacktrace: Backtrace:
	Ordinal0 [0x005FD403+2479107]
	Ordinal0 [0x00597D51+2063697]
	Ordinal0 [0x004A20C8+1056968]
	Ordinal0 [0x004C043A+1180730]
	Ordinal0 [0x004BC355+1164117]
	Ordinal0 [0x004B9B7F+1153919]
	Ordinal0 [0x004E9CBF+1350847]
	Ordinal0 [0x004E992A+1349930]
	Ordinal0 [0x004E583B+1333307]
	Ordinal0 [0x004C1F94+1187732]
	Ordinal0 [0x004C2DE9+1191401]
	GetHandleVerifier [0x0077F3F6+1531734]
	GetHandleVerifier [0x0082E9AE+2249998]
	GetHandleVerifier [0x006839AB+501003]
	GetHandleVerifier [0x00682A29+497033]
	Ordinal0 [0x0059D11D+2085149]
	Ordinal0 [0x005A11C8+2101704]
	Ordinal0 [0x005A1302+2102018]
	Ordinal0 [0x005AAA71+2140785]
	BaseThreadInitThunk [0x7659FA29+25]
	RtlGetAppContainerNamedObjectPath [0x76F27A9E+286]
	RtlGetAppContainerNamedObjectPath [0x76F27A6E+238]
" type="org.openqa.selenium.SessionNotCreatedException">org.openqa.selenium.SessionNotCreatedException: session not created: This version of ChromeDriver only supports Chrome version 93
Current browser version is 95.0.4638.69 with binary path C:\Program Files (x86)\Google\Chrome\Application\chrome.exe
Build info: version: &apos;3.5.3&apos;, revision: &apos;a88d25fe6b&apos;, time: &apos;2017-08-29T12:42:44.417Z&apos;
System info: host: &apos;ISHLTP116&apos;, ip: &apos;192.168.29.131&apos;, os.name: &apos;Windows 10&apos;, os.arch: &apos;amd64&apos;, os.version: &apos;10.0&apos;, java.version: &apos;11.0.10&apos;
Driver info: driver.version: ChromeDriver
remote stacktrace: Backtrace:
	Ordinal0 [0x005FD403+2479107]
	Ordinal0 [0x00597D51+2063697]
	Ordinal0 [0x004A20C8+1056968]
	Ordinal0 [0x004C043A+1180730]
	Ordinal0 [0x004BC355+1164117]
	Ordinal0 [0x004B9B7F+1153919]
	Ordinal0 [0x004E9CBF+1350847]
	Ordinal0 [0x004E992A+1349930]
	Ordinal0 [0x004E583B+1333307]
	Ordinal0 [0x004C1F94+1187732]
	Ordinal0 [0x004C2DE9+1191401]
	GetHandleVerifier [0x0077F3F6+1531734]
	GetHandleVerifier [0x0082E9AE+2249998]
	GetHandleVerifier [0x006839AB+501003]
	GetHandleVerifier [0x00682A29+497033]
	Ordinal0 [0x0059D11D+2085149]
	Ordinal0 [0x005A11C8+2101704]
	Ordinal0 [0x005A1302+2102018]
	Ordinal0 [0x005AAA71+2140785]
	BaseThreadInitThunk [0x7659FA29+25]
	RtlGetAppContainerNamedObjectPath [0x76F27A9E+286]
	RtlGetAppContainerNamedObjectPath [0x76F27A6E+238]

	at java.base/jdk.internal.reflect.NativeConstructorAccessorImpl.newInstance0(Native Method)
	at java.base/jdk.internal.reflect.NativeConstructorAccessorImpl.newInstance(NativeConstructorAccessorImpl.java:62)
	at java.base/jdk.internal.reflect.DelegatingConstructorAccessorImpl.newInstance(DelegatingConstructorAccessorImpl.java:45)
	at java.base/java.lang.reflect.Constructor.newInstance(Constructor.java:490)
	at org.openqa.selenium.remote.W3CHandshakeResponse.lambda$new$0(W3CHandshakeResponse.java:57)
	at org.openqa.selenium.remote.W3CHandshakeResponse.lambda$getResponseFunction$2(W3CHandshakeResponse.java:104)
	at org.openqa.selenium.remote.ProtocolHandshake.lambda$createSession$24(ProtocolHandshake.java:359)
	at java.base/java.util.stream.ReferencePipeline$3$1.accept(ReferencePipeline.java:195)
	at java.base/java.util.Spliterators$ArraySpliterator.tryAdvance(Spliterators.java:958)
	at java.base/java.util.stream.ReferencePipeline.forEachWithCancel(ReferencePipeline.java:127)
	at java.base/java.util.stream.AbstractPipeline.copyIntoWithCancel(AbstractPipeline.java:502)
	at java.base/java.util.stream.AbstractPipeline.copyInto(AbstractPipeline.java:488)
	at java.base/java.util.stream.AbstractPipeline.wrapAndCopyInto(AbstractPipeline.java:474)
	at java.base/java.util.stream.FindOps$FindOp.evaluateSequential(FindOps.java:150)
	at java.base/java.util.stream.AbstractPipeline.evaluate(AbstractPipeline.java:234)
	at java.base/java.util.stream.ReferencePipeline.findFirst(ReferencePipeline.java:543)
	at org.openqa.selenium.remote.ProtocolHandshake.createSession(ProtocolHandshake.java:362)
	at org.openqa.selenium.remote.ProtocolHandshake.createSession(ProtocolHandshake.java:136)
	at org.openqa.selenium.remote.HttpCommandExecutor.execute(HttpCommandExecutor.java:142)
	at org.openqa.selenium.remote.service.DriverCommandExecutor.execute(DriverCommandExecutor.java:82)
	at org.openqa.selenium.remote.RemoteWebDriver.execute(RemoteWebDriver.java:646)
	at org.openqa.selenium.remote.RemoteWebDriver.startSession(RemoteWebDriver.java:255)
	at org.openqa.selenium.remote.RemoteWebDriver.startSession(RemoteWebDriver.java:237)
	at org.openqa.selenium.remote.RemoteWebDriver.&lt;init&gt;(RemoteWebDriver.java:138)
	at org.openqa.selenium.chrome.ChromeDriver.&lt;init&gt;(ChromeDriver.java:178)
	at org.openqa.selenium.chrome.ChromeDriver.&lt;init&gt;(ChromeDriver.java:167)
	at org.openqa.selenium.chrome.ChromeDriver.&lt;init&gt;(ChromeDriver.java:124)
	at com.excellence.qa.base.BaseClass.initialization(BaseClass.java:73)
	at com.excellence.qa.testcases.LeaveApplicationPageTest.setup(LeaveApplicationPageTest.java:32)
</failure>
    <system-err>Starting ChromeDriver 93.0.4577.63 (ff5c0da2ec0adeaed5550e6c7e98417dac77d98a-refs/branch-heads/4577@{#1135}) on port 22178
Only local connections are allowed.
Please see https://chromedriver.chromium.org/security-considerations for suggestions on keeping ChromeDriver safe.
ChromeDriver was started successfully.
</system-err>
  </testcase>
  <testcase classname="com.excellence.qa.testcases.LeaveApplicationPageTest" name="verificationOfAppliedLeave" time="0">
    <skipped/>
  </testcase>
  <testcase classname="com.excellence.qa.testcases.LeaveApplicationPageTest" name="closeBrowser" time="0.001">
    <skipped/>
  </testcase>
  <testcase classname="com.excellence.qa.testcases.LoginPageTest" name="setup" time="2.065">
    <failure message="session not created: This version of ChromeDriver only supports Chrome version 93
Current browser version is 95.0.4638.69 with binary path C:\Program Files (x86)\Google\Chrome\Application\chrome.exe
Build info: version: &apos;3.5.3&apos;, revision: &apos;a88d25fe6b&apos;, time: &apos;2017-08-29T12:42:44.417Z&apos;
System info: host: &apos;ISHLTP116&apos;, ip: &apos;192.168.29.131&apos;, os.name: &apos;Windows 10&apos;, os.arch: &apos;amd64&apos;, os.version: &apos;10.0&apos;, java.version: &apos;11.0.10&apos;
Driver info: driver.version: ChromeDriver
remote stacktrace: Backtrace:
	Ordinal0 [0x005FD403+2479107]
	Ordinal0 [0x00597D51+2063697]
	Ordinal0 [0x004A20C8+1056968]
	Ordinal0 [0x004C043A+1180730]
	Ordinal0 [0x004BC355+1164117]
	Ordinal0 [0x004B9B7F+1153919]
	Ordinal0 [0x004E9CBF+1350847]
	Ordinal0 [0x004E992A+1349930]
	Ordinal0 [0x004E583B+1333307]
	Ordinal0 [0x004C1F94+1187732]
	Ordinal0 [0x004C2DE9+1191401]
	GetHandleVerifier [0x0077F3F6+1531734]
	GetHandleVerifier [0x0082E9AE+2249998]
	GetHandleVerifier [0x006839AB+501003]
	GetHandleVerifier [0x00682A29+497033]
	Ordinal0 [0x0059D11D+2085149]
	Ordinal0 [0x005A11C8+2101704]
	Ordinal0 [0x005A1302+2102018]
	Ordinal0 [0x005AAA71+2140785]
	BaseThreadInitThunk [0x7659FA29+25]
	RtlGetAppContainerNamedObjectPath [0x76F27A9E+286]
	RtlGetAppContainerNamedObjectPath [0x76F27A6E+238]
" type="org.openqa.selenium.SessionNotCreatedException">org.openqa.selenium.SessionNotCreatedException: session not created: This version of ChromeDriver only supports Chrome version 93
Current browser version is 95.0.4638.69 with binary path C:\Program Files (x86)\Google\Chrome\Application\chrome.exe
Build info: version: &apos;3.5.3&apos;, revision: &apos;a88d25fe6b&apos;, time: &apos;2017-08-29T12:42:44.417Z&apos;
System info: host: &apos;ISHLTP116&apos;, ip: &apos;192.168.29.131&apos;, os.name: &apos;Windows 10&apos;, os.arch: &apos;amd64&apos;, os.version: &apos;10.0&apos;, java.version: &apos;11.0.10&apos;
Driver info: driver.version: ChromeDriver
remote stacktrace: Backtrace:
	Ordinal0 [0x005FD403+2479107]
	Ordinal0 [0x00597D51+2063697]
	Ordinal0 [0x004A20C8+1056968]
	Ordinal0 [0x004C043A+1180730]
	Ordinal0 [0x004BC355+1164117]
	Ordinal0 [0x004B9B7F+1153919]
	Ordinal0 [0x004E9CBF+1350847]
	Ordinal0 [0x004E992A+1349930]
	Ordinal0 [0x004E583B+1333307]
	Ordinal0 [0x004C1F94+1187732]
	Ordinal0 [0x004C2DE9+1191401]
	GetHandleVerifier [0x0077F3F6+1531734]
	GetHandleVerifier [0x0082E9AE+2249998]
	GetHandleVerifier [0x006839AB+501003]
	GetHandleVerifier [0x00682A29+497033]
	Ordinal0 [0x0059D11D+2085149]
	Ordinal0 [0x005A11C8+2101704]
	Ordinal0 [0x005A1302+2102018]
	Ordinal0 [0x005AAA71+2140785]
	BaseThreadInitThunk [0x7659FA29+25]
	RtlGetAppContainerNamedObjectPath [0x76F27A9E+286]
	RtlGetAppContainerNamedObjectPath [0x76F27A6E+238]

	at java.base/jdk.internal.reflect.NativeConstructorAccessorImpl.newInstance0(Native Method)
	at java.base/jdk.internal.reflect.NativeConstructorAccessorImpl.newInstance(NativeConstructorAccessorImpl.java:62)
	at java.base/jdk.internal.reflect.DelegatingConstructorAccessorImpl.newInstance(DelegatingConstructorAccessorImpl.java:45)
	at java.base/java.lang.reflect.Constructor.newInstance(Constructor.java:490)
	at org.openqa.selenium.remote.W3CHandshakeResponse.lambda$new$0(W3CHandshakeResponse.java:57)
	at org.openqa.selenium.remote.W3CHandshakeResponse.lambda$getResponseFunction$2(W3CHandshakeResponse.java:104)
	at org.openqa.selenium.remote.ProtocolHandshake.lambda$createSession$24(ProtocolHandshake.java:359)
	at java.base/java.util.stream.ReferencePipeline$3$1.accept(ReferencePipeline.java:195)
	at java.base/java.util.Spliterators$ArraySpliterator.tryAdvance(Spliterators.java:958)
	at java.base/java.util.stream.ReferencePipeline.forEachWithCancel(ReferencePipeline.java:127)
	at java.base/java.util.stream.AbstractPipeline.copyIntoWithCancel(AbstractPipeline.java:502)
	at java.base/java.util.stream.AbstractPipeline.copyInto(AbstractPipeline.java:488)
	at java.base/java.util.stream.AbstractPipeline.wrapAndCopyInto(AbstractPipeline.java:474)
	at java.base/java.util.stream.FindOps$FindOp.evaluateSequential(FindOps.java:150)
	at java.base/java.util.stream.AbstractPipeline.evaluate(AbstractPipeline.java:234)
	at java.base/java.util.stream.ReferencePipeline.findFirst(ReferencePipeline.java:543)
	at org.openqa.selenium.remote.ProtocolHandshake.createSession(ProtocolHandshake.java:362)
	at org.openqa.selenium.remote.ProtocolHandshake.createSession(ProtocolHandshake.java:136)
	at org.openqa.selenium.remote.HttpCommandExecutor.execute(HttpCommandExecutor.java:142)
	at org.openqa.selenium.remote.service.DriverCommandExecutor.execute(DriverCommandExecutor.java:82)
	at org.openqa.selenium.remote.RemoteWebDriver.execute(RemoteWebDriver.java:646)
	at org.openqa.selenium.remote.RemoteWebDriver.startSession(RemoteWebDriver.java:255)
	at org.openqa.selenium.remote.RemoteWebDriver.startSession(RemoteWebDriver.java:237)
	at org.openqa.selenium.remote.RemoteWebDriver.&lt;init&gt;(RemoteWebDriver.java:138)
	at org.openqa.selenium.chrome.ChromeDriver.&lt;init&gt;(ChromeDriver.java:178)
	at org.openqa.selenium.chrome.ChromeDriver.&lt;init&gt;(ChromeDriver.java:167)
	at org.openqa.selenium.chrome.ChromeDriver.&lt;init&gt;(ChromeDriver.java:124)
	at com.excellence.qa.base.BaseClass.initialization(BaseClass.java:73)
	at com.excellence.qa.testcases.LoginPageTest.setup(LoginPageTest.java:29)
</failure>
    <system-err>Starting ChromeDriver 93.0.4577.63 (ff5c0da2ec0adeaed5550e6c7e98417dac77d98a-refs/branch-heads/4577@{#1135}) on port 18206
Only local connections are allowed.
Please see https://chromedriver.chromium.org/security-considerations for suggestions on keeping ChromeDriver safe.
ChromeDriver was started successfully.
</system-err>
  </testcase>
  <testcase classname="com.excellence.qa.testcases.LoginPageTest" name="verifyLogin" time="0">
    <skipped/>
  </testcase>
  <testcase classname="com.excellence.qa.testcases.LoginPageTest" name="closeBrowser" time="0.001">
    <skipped/>
  </testcase>
  <testcase classname="com.excellence.qa.testcases.LoginPageTest" name="setup" time="0.001">
    <skipped/>
  </testcase>
  <testcase classname="com.excellence.qa.testcases.LoginPageTest" name="verifyTitleOfPage" time="0">
    <skipped/>
  </testcase>
  <testcase classname="com.excellence.qa.testcases.LoginPageTest" name="closeBrowser" time="0">
    <skipped/>
  </testcase>
  <testcase classname="com.excellence.qa.testcases.MaterialRequestPageTest" name="setup" time="4.039">
    <failure message="session not created: This version of ChromeDriver only supports Chrome version 93
Current browser version is 95.0.4638.69 with binary path C:\Program Files (x86)\Google\Chrome\Application\chrome.exe
Build info: version: &apos;3.5.3&apos;, revision: &apos;a88d25fe6b&apos;, time: &apos;2017-08-29T12:42:44.417Z&apos;
System info: host: &apos;ISHLTP116&apos;, ip: &apos;192.168.29.131&apos;, os.name: &apos;Windows 10&apos;, os.arch: &apos;amd64&apos;, os.version: &apos;10.0&apos;, java.version: &apos;11.0.10&apos;
Driver info: driver.version: ChromeDriver
remote stacktrace: Backtrace:
	Ordinal0 [0x005FD403+2479107]
	Ordinal0 [0x00597D51+2063697]
	Ordinal0 [0x004A20C8+1056968]
	Ordinal0 [0x004C043A+1180730]
	Ordinal0 [0x004BC355+1164117]
	Ordinal0 [0x004B9B7F+1153919]
	Ordinal0 [0x004E9CBF+1350847]
	Ordinal0 [0x004E992A+1349930]
	Ordinal0 [0x004E583B+1333307]
	Ordinal0 [0x004C1F94+1187732]
	Ordinal0 [0x004C2DE9+1191401]
	GetHandleVerifier [0x0077F3F6+1531734]
	GetHandleVerifier [0x0082E9AE+2249998]
	GetHandleVerifier [0x006839AB+501003]
	GetHandleVerifier [0x00682A29+497033]
	Ordinal0 [0x0059D11D+2085149]
	Ordinal0 [0x005A11C8+2101704]
	Ordinal0 [0x005A1302+2102018]
	Ordinal0 [0x005AAA71+2140785]
	BaseThreadInitThunk [0x7659FA29+25]
	RtlGetAppContainerNamedObjectPath [0x76F27A9E+286]
	RtlGetAppContainerNamedObjectPath [0x76F27A6E+238]
" type="org.openqa.selenium.SessionNotCreatedException">org.openqa.selenium.SessionNotCreatedException: session not created: This version of ChromeDriver only supports Chrome version 93
Current browser version is 95.0.4638.69 with binary path C:\Program Files (x86)\Google\Chrome\Application\chrome.exe
Build info: version: &apos;3.5.3&apos;, revision: &apos;a88d25fe6b&apos;, time: &apos;2017-08-29T12:42:44.417Z&apos;
System info: host: &apos;ISHLTP116&apos;, ip: &apos;192.168.29.131&apos;, os.name: &apos;Windows 10&apos;, os.arch: &apos;amd64&apos;, os.version: &apos;10.0&apos;, java.version: &apos;11.0.10&apos;
Driver info: driver.version: ChromeDriver
remote stacktrace: Backtrace:
	Ordinal0 [0x005FD403+2479107]
	Ordinal0 [0x00597D51+2063697]
	Ordinal0 [0x004A20C8+1056968]
	Ordinal0 [0x004C043A+1180730]
	Ordinal0 [0x004BC355+1164117]
	Ordinal0 [0x004B9B7F+1153919]
	Ordinal0 [0x004E9CBF+1350847]
	Ordinal0 [0x004E992A+1349930]
	Ordinal0 [0x004E583B+1333307]
	Ordinal0 [0x004C1F94+1187732]
	Ordinal0 [0x004C2DE9+1191401]
	GetHandleVerifier [0x0077F3F6+1531734]
	GetHandleVerifier [0x0082E9AE+2249998]
	GetHandleVerifier [0x006839AB+501003]
	GetHandleVerifier [0x00682A29+497033]
	Ordinal0 [0x0059D11D+2085149]
	Ordinal0 [0x005A11C8+2101704]
	Ordinal0 [0x005A1302+2102018]
	Ordinal0 [0x005AAA71+2140785]
	BaseThreadInitThunk [0x7659FA29+25]
	RtlGetAppContainerNamedObjectPath [0x76F27A9E+286]
	RtlGetAppContainerNamedObjectPath [0x76F27A6E+238]

	at java.base/jdk.internal.reflect.NativeConstructorAccessorImpl.newInstance0(Native Method)
	at java.base/jdk.internal.reflect.NativeConstructorAccessorImpl.newInstance(NativeConstructorAccessorImpl.java:62)
	at java.base/jdk.internal.reflect.DelegatingConstructorAccessorImpl.newInstance(DelegatingConstructorAccessorImpl.java:45)
	at java.base/java.lang.reflect.Constructor.newInstance(Constructor.java:490)
	at org.openqa.selenium.remote.W3CHandshakeResponse.lambda$new$0(W3CHandshakeResponse.java:57)
	at org.openqa.selenium.remote.W3CHandshakeResponse.lambda$getResponseFunction$2(W3CHandshakeResponse.java:104)
	at org.openqa.selenium.remote.ProtocolHandshake.lambda$createSession$24(ProtocolHandshake.java:359)
	at java.base/java.util.stream.ReferencePipeline$3$1.accept(ReferencePipeline.java:195)
	at java.base/java.util.Spliterators$ArraySpliterator.tryAdvance(Spliterators.java:958)
	at java.base/java.util.stream.ReferencePipeline.forEachWithCancel(ReferencePipeline.java:127)
	at java.base/java.util.stream.AbstractPipeline.copyIntoWithCancel(AbstractPipeline.java:502)
	at java.base/java.util.stream.AbstractPipeline.copyInto(AbstractPipeline.java:488)
	at java.base/java.util.stream.AbstractPipeline.wrapAndCopyInto(AbstractPipeline.java:474)
	at java.base/java.util.stream.FindOps$FindOp.evaluateSequential(FindOps.java:150)
	at java.base/java.util.stream.AbstractPipeline.evaluate(AbstractPipeline.java:234)
	at java.base/java.util.stream.ReferencePipeline.findFirst(ReferencePipeline.java:543)
	at org.openqa.selenium.remote.ProtocolHandshake.createSession(ProtocolHandshake.java:362)
	at org.openqa.selenium.remote.ProtocolHandshake.createSession(ProtocolHandshake.java:136)
	at org.openqa.selenium.remote.HttpCommandExecutor.execute(HttpCommandExecutor.java:142)
	at org.openqa.selenium.remote.service.DriverCommandExecutor.execute(DriverCommandExecutor.java:82)
	at org.openqa.selenium.remote.RemoteWebDriver.execute(RemoteWebDriver.java:646)
	at org.openqa.selenium.remote.RemoteWebDriver.startSession(RemoteWebDriver.java:255)
	at org.openqa.selenium.remote.RemoteWebDriver.startSession(RemoteWebDriver.java:237)
	at org.openqa.selenium.remote.RemoteWebDriver.&lt;init&gt;(RemoteWebDriver.java:138)
	at org.openqa.selenium.chrome.ChromeDriver.&lt;init&gt;(ChromeDriver.java:178)
	at org.openqa.selenium.chrome.ChromeDriver.&lt;init&gt;(ChromeDriver.java:167)
	at org.openqa.selenium.chrome.ChromeDriver.&lt;init&gt;(ChromeDriver.java:124)
	at com.excellence.qa.base.BaseClass.initialization(BaseClass.java:73)
	at com.excellence.qa.testcases.MaterialRequestPageTest.setup(MaterialRequestPageTest.java:32)
</failure>
    <system-err>Starting ChromeDriver 93.0.4577.63 (ff5c0da2ec0adeaed5550e6c7e98417dac77d98a-refs/branch-heads/4577@{#1135}) on port 47603
Only local connections are allowed.
Please see https://chromedriver.chromium.org/security-considerations for suggestions on keeping ChromeDriver safe.
ChromeDriver was started successfully.
</system-err>
  </testcase>
  <testcase classname="com.excellence.qa.testcases.MaterialRequestPageTest" name="raiseMaterialRequest" time="0">
    <skipped/>
  </testcase>
  <testcase classname="com.excellence.qa.testcases.MaterialRequestPageTest" name="closeBrowser" time="0">
    <skipped/>
  </testcase>
  <testcase classname="com.excellence.qa.testcases.MaterialRequestPageTest" name="setup" time="0">
    <skipped/>
  </testcase>
  <testcase classname="com.excellence.qa.testcases.MaterialRequestPageTest" name="raiseMaterialRequest" time="0">
    <skipped/>
  </testcase>
  <testcase classname="com.excellence.qa.testcases.MaterialRequestPageTest" name="closeBrowser" time="0">
    <skipped/>
  </testcase>
</testsuite>