<?xml version="1.0" encoding="UTF-8"?>
<testng-results ignored="0" total="2" passed="2" failed="0" skipped="0">
  <reporter-output>
  </reporter-output>
  <suite started-at="2021-11-10T22:59:48 IST" name="Default suite" finished-at="2021-11-10T23:00:14 IST" duration-ms="25584">
    <groups>
    </groups>
    <test started-at="2021-11-10T22:59:48 IST" name="Default test" finished-at="2021-11-10T23:00:14 IST" duration-ms="25584">
      <class name="com.excellence.qa.testcases.LoginPageTest">
        <test-method is-config="true" signature="setup()[pri:0, instance:com.excellence.qa.testcases.LoginPageTest@41a0aa7d]" started-at="2021-11-10T22:59:48 IST" name="setup" finished-at="2021-11-10T22:59:57 IST" duration-ms="9217" status="PASS">
          <reporter-output>
          </reporter-output>
        </test-method> <!-- setup -->
        <test-method signature="verifyLogin()[pri:0, instance:com.excellence.qa.testcases.LoginPageTest@41a0aa7d]" started-at="2021-11-10T22:59:57 IST" name="verifyLogin" finished-at="2021-11-10T23:00:06 IST" duration-ms="8404" status="PASS">
          <reporter-output>
          </reporter-output>
        </test-method> <!-- verifyLogin -->
        <test-method is-config="true" signature="closeBrowser()[pri:0, instance:com.excellence.qa.testcases.LoginPageTest@41a0aa7d]" started-at="2021-11-10T23:00:06 IST" name="closeBrowser" finished-at="2021-11-10T23:00:07 IST" duration-ms="840" status="PASS">
          <reporter-output>
          </reporter-output>
        </test-method> <!-- closeBrowser -->
        <test-method is-config="true" signature="setup()[pri:0, instance:com.excellence.qa.testcases.LoginPageTest@41a0aa7d]" started-at="2021-11-10T23:00:07 IST" name="setup" finished-at="2021-11-10T23:00:13 IST" duration-ms="6234" status="PASS">
          <reporter-output>
          </reporter-output>
        </test-method> <!-- setup -->
        <test-method signature="verifyTitleOfPage()[pri:0, instance:com.excellence.qa.testcases.LoginPageTest@41a0aa7d]" started-at="2021-11-10T23:00:13 IST" name="verifyTitleOfPage" finished-at="2021-11-10T23:00:13 IST" duration-ms="29" status="PASS">
          <reporter-output>
          </reporter-output>
        </test-method> <!-- verifyTitleOfPage -->
        <test-method is-config="true" signature="closeBrowser()[pri:0, instance:com.excellence.qa.testcases.LoginPageTest@41a0aa7d]" started-at="2021-11-10T23:00:13 IST" name="closeBrowser" finished-at="2021-11-10T23:00:14 IST" duration-ms="797" status="PASS">
          <reporter-output>
          </reporter-output>
        </test-method> <!-- closeBrowser -->
      </class> <!-- com.excellence.qa.testcases.LoginPageTest -->
    </test> <!-- Default test -->
  </suite> <!-- Default suite -->
</testng-results>
